<?xml version="1.0" encoding="UTF-8"?>
<!-- Generated by org.testng.reporters.JUnitXMLReporter -->
<testsuite ignored="0" hostname="DESKTOP-927SG88" failures="1" tests="1" name="chrome browser" time="9.054" errors="0" timestamp="2023-04-10T20:47:08 CST">
  <testcase classname="banking3.testngmarch27.NewTest" name="signin_facebbok" time="5.19">
    <failure type="java.io.FileNotFoundException" message="C:\Users\user\eclipse-workspace\testngmarch27\screenshots\1.png (The system cannot find the path specified)">
      <![CDATA[java.io.FileNotFoundException: C:\Users\user\eclipse-workspace\testngmarch27\screenshots\1.png (The system cannot find the path specified)
at java.base/java.io.FileOutputStream.open0(Native Method)
at java.base/java.io.FileOutputStream.open(FileOutputStream.java:293)
at java.base/java.io.FileOutputStream.<init>(FileOutputStream.java:235)
at java.base/java.io.FileOutputStream.<init>(FileOutputStream.java:184)
at org.openqa.selenium.io.FileHandler.copyFile(FileHandler.java:138)
at org.openqa.selenium.io.FileHandler.copy(FileHandler.java:117)
at banking3.testngmarch27.baseclass.shotsv2(baseclass.java:62)
at banking3.testngmarch27.NewTest.signin_facebbok(NewTest.java:28)
at java.base/java.util.ArrayList.forEach(ArrayList.java:1511)
... Removed 27 stack frames]]>
    </failure>
  </testcase> <!-- signin_facebbok -->
</testsuite> <!-- chrome browser -->
